Traceback (most recent call last):
  File "/opt/hostedtoolcache/Python/3.10.18/x64/lib/python3.10/site-packages/jupyter_core/utils/__init__.py", line 154, in wrapped
    asyncio.get_running_loop()
RuntimeError: no running event loop

During handling of the above exception, another exception occurred:

Traceback (most recent call last):
  File "/opt/hostedtoolcache/Python/3.10.18/x64/lib/python3.10/site-packages/jupyter_cache/executors/utils.py", line 58, in single_nb_execution
    executenb(
  File "/opt/hostedtoolcache/Python/3.10.18/x64/lib/python3.10/site-packages/nbclient/client.py", line 1319, in execute
    return NotebookClient(nb=nb, resources=resources, km=km, **kwargs).execute()
  File "/opt/hostedtoolcache/Python/3.10.18/x64/lib/python3.10/site-packages/jupyter_core/utils/__init__.py", line 158, in wrapped
    return loop.run_until_complete(inner)
  File "/opt/hostedtoolcache/Python/3.10.18/x64/lib/python3.10/asyncio/base_events.py", line 649, in run_until_complete
    return future.result()
  File "/opt/hostedtoolcache/Python/3.10.18/x64/lib/python3.10/site-packages/nbclient/client.py", line 709, in async_execute
    await self.async_execute_cell(
  File "/opt/hostedtoolcache/Python/3.10.18/x64/lib/python3.10/site-packages/nbclient/client.py", line 1062, in async_execute_cell
    await self._check_raise_for_error(cell, cell_index, exec_reply)
  File "/opt/hostedtoolcache/Python/3.10.18/x64/lib/python3.10/site-packages/nbclient/client.py", line 918, in _check_raise_for_error
    raise CellExecutionError.from_cell_and_msg(cell, exec_reply_content)
nbclient.exceptions.CellExecutionError: An error occurred while executing the following cell:
------------------
%%bash
slim -s 123 neutral_restart.slim
------------------

----- stdout -----
// Initial random seed:
123

// RunInitializeCallbacks():
----- stdout -----
initializeSLiMModelType(modelType = 'nonWF');
initializeTreeSeq();
----- stdout -----
initializeMutationRate(1e-08);
initializeMutationType(0, 0.5, "f", 0);
initializeGenomicElementType(
----- stdout -----
1, m0, 1);
initializeGenomicElement(g1, 0, 999999);
initializeRecombinationRate(1e-08);

// Starting
----- stdout -----
 run at tick <start>:
1
----- stderr -----
#WARNING (Species::RunInitializeCallbacks): with tree-sequence recording enabled and a non-zero muta
----- stderr -----
tion rate, a neutral mutation type was defined and used; this is legal, but usually undesirable, sin
----- stderr -----
ce neutral mutations can be overlaid later using the tree-sequence information.
ERROR (Species::Read
----- stderr -----
TreeSequenceMetadata): the version of this file appears to be too old to be read, or the file is cor
----- stderr -----
rupted; you can try using pyslim to bring an old file version forward to the current version, or gen
----- stderr -----
erate a new file with the current version of SLiM or pyslim.

Error on script line 19, character 7:
----- stderr -----

   sim.readFromPopulationFile("initialize_nonWF.trees");
       ^^^^^^^^^^^^^^^^^^^^^^
------------------

[0;31m---------------------------------------------------------------------------[0m
[0;31mCalledProcessError[0m                        Traceback (most recent call last)
Cell [0;32mIn[31], line 1[0m
[0;32m----> 1[0m [43mget_ipython[49m[43m([49m[43m)[49m[38;5;241;43m.[39;49m[43mrun_cell_magic[49m[43m([49m[38;5;124;43m'[39;49m[38;5;124;43mbash[39;49m[38;5;124;43m'[39;49m[43m,[49m[43m [49m[38;5;124;43m'[39;49m[38;5;124;43m'[39;49m[43m,[49m[43m [49m[38;5;124;43m'[39;49m[38;5;124;43mslim -s 123 neutral_restart.slim[39;49m[38;5;130;43;01m\n[39;49;00m[38;5;124;43m'[39;49m[43m)[49m

File [0;32m/opt/hostedtoolcache/Python/3.10.18/x64/lib/python3.10/site-packages/IPython/core/interactiveshell.py:2543[0m, in [0;36mInteractiveShell.run_cell_magic[0;34m(self, magic_name, line, cell)[0m
[1;32m   2541[0m [38;5;28;01mwith[39;00m [38;5;28mself[39m[38;5;241m.[39mbuiltin_trap:
[1;32m   2542[0m     args [38;5;241m=[39m (magic_arg_s, cell)
[0;32m-> 2543[0m     result [38;5;241m=[39m [43mfn[49m[43m([49m[38;5;241;43m*[39;49m[43margs[49m[43m,[49m[43m [49m[38;5;241;43m*[39;49m[38;5;241;43m*[39;49m[43mkwargs[49m[43m)[49m
[1;32m   2545[0m [38;5;66;03m# The code below prevents the output from being displayed[39;00m
[1;32m   2546[0m [38;5;66;03m# when using magics with decorator @output_can_be_silenced[39;00m
[1;32m   2547[0m [38;5;66;03m# when the last Python token in the expression is a ';'.[39;00m
[1;32m   2548[0m [38;5;28;01mif[39;00m [38;5;28mgetattr[39m(fn, magic[38;5;241m.[39mMAGIC_OUTPUT_CAN_BE_SILENCED, [38;5;28;01mFalse[39;00m):

File [0;32m/opt/hostedtoolcache/Python/3.10.18/x64/lib/python3.10/site-packages/IPython/core/magics/script.py:159[0m, in [0;36mScriptMagics._make_script_magic.<locals>.named_script_magic[0;34m(line, cell)[0m
[1;32m    157[0m [38;5;28;01melse[39;00m:
[1;32m    158[0m     line [38;5;241m=[39m script
[0;32m--> 159[0m [38;5;28;01mreturn[39;00m [38;5;28;43mself[39;49m[38;5;241;43m.[39;49m[43mshebang[49m[43m([49m[43mline[49m[43m,[49m[43m [49m[43mcell[49m[43m)[49m

File [0;32m/opt/hostedtoolcache/Python/3.10.18/x64/lib/python3.10/site-packages/IPython/core/magics/script.py:336[0m, in [0;36mScriptMagics.shebang[0;34m(self, line, cell)[0m
[1;32m    331[0m [38;5;28;01mif[39;00m args[38;5;241m.[39mraise_error [38;5;129;01mand[39;00m p[38;5;241m.[39mreturncode [38;5;241m!=[39m [38;5;241m0[39m:
[1;32m    332[0m     [38;5;66;03m# If we get here and p.returncode is still None, we must have[39;00m
[1;32m    333[0m     [38;5;66;03m# killed it but not yet seen its return code. We don't wait for it,[39;00m
[1;32m    334[0m     [38;5;66;03m# in case it's stuck in uninterruptible sleep. -9 = SIGKILL[39;00m
[1;32m    335[0m     rc [38;5;241m=[39m p[38;5;241m.[39mreturncode [38;5;129;01mor[39;00m [38;5;241m-[39m[38;5;241m9[39m
[0;32m--> 336[0m     [38;5;28;01mraise[39;00m CalledProcessError(rc, cell)

[0;31mCalledProcessError[0m: Command 'b'slim -s 123 neutral_restart.slim\n'' returned non-zero exit status 1.

